2023-06-10 09:43:17,972 : [DEBUG] : b'DROP TABLE IF EXISTS test CASCADE'
2023-06-10 09:43:17,977 : [DEBUG] : b'CREATE TABLE test(test integer)'
2023-06-10 09:43:17,978 : [DEBUG] : b'INSERT INTO test(test) VALUES(1)'
2023-06-10 09:43:17,979 : [DEBUG] : b'SELECT * FROM test'
2023-06-10 09:43:17,979 : [DEBUG] : b'DROP TABLE test'
2023-06-10 09:43:56,301 : [DEBUG] : b'DROP TABLE IF EXISTS "C21-703-7".cars CASCADE'
2023-06-10 09:43:56,305 : [DEBUG] : b'DROP TABLE IF EXISTS "C21-703-7".drivers CASCADE'
2023-06-10 09:43:56,314 : [DEBUG] : b'CREATE TABLE "C21-703-7".drivers(id_driver numeric PRIMARY KEY, last_name varchar(32) NOT NULL, first_name varchar(32) NOT NULL, second_name varchar(32), birthday date NOT NULL, inn numeric NOT NULL, passport_series varchar(12) NOT NULL, passport_num varchar(12) NOT NULL)'
2023-06-10 09:43:56,321 : [DEBUG] : b'CREATE TABLE "C21-703-7".cars(id_car numeric PRIMARY KEY, mark varchar(32) NOT NULL, class2 varchar(32) NOT NULL, color varchar(32) NOT NULL, gos_number varchar(12) NOT NULL, year numeric NOT NULL, drivers_id integer)'
2023-06-10 09:43:56,321 : [DEBUG] : b'INSERT INTO "C21-703-7".drivers(last_name,first_name,second_name,birthday,inn,passport_series,passport_num) VALUES((\'\xd0\x9c\xd1\x83\xd1\x80\xd0\xb0\xd0\xb2\xd0\xb5\xd0\xbd\xd0\xba\xd0\xbe\'),(\'\xd0\x9f\xd0\xb0\xd0\xb2\xd0\xb5\xd0\xbb\'),(\'\xd0\x9f\xd0\xb5\xd1\x82\xd1\x80\xd0\xbe\xd0\xb2\xd0\xb8\xd1\x87\'),(\'27.11.2003\'),(121232),(\'MM\'),(\'111\'))'
2023-06-10 09:49:36,079 : [DEBUG] : b'DROP TABLE IF EXISTS test CASCADE'
2023-06-10 09:49:36,082 : [DEBUG] : b'CREATE TABLE test(test integer)'
2023-06-10 09:49:36,082 : [DEBUG] : b'INSERT INTO test(test) VALUES(1)'
2023-06-10 09:49:36,084 : [DEBUG] : b'SELECT * FROM test'
2023-06-10 09:49:36,085 : [DEBUG] : b'DROP TABLE test'
2023-06-10 09:49:36,653 : [DEBUG] : b'DROP TABLE IF EXISTS "C21-703-7".cars CASCADE'
2023-06-10 09:49:36,657 : [DEBUG] : b'DROP TABLE IF EXISTS "C21-703-7".drivers CASCADE'
2023-06-10 09:49:36,666 : [DEBUG] : b'CREATE TABLE "C21-703-7".drivers(id_driver numeric PRIMARY KEY, last_name varchar(32) NOT NULL, first_name varchar(32) NOT NULL, second_name varchar(32), birthday date NOT NULL, inn numeric NOT NULL, passport_series varchar(12) NOT NULL, passport_num varchar(12) NOT NULL)'
2023-06-10 09:49:36,675 : [DEBUG] : b'CREATE TABLE "C21-703-7".cars(id_car serial PRIMARY KEY, mark varchar(32) NOT NULL, class2 varchar(32) NOT NULL, color varchar(32) NOT NULL, gos_number varchar(12) NOT NULL, year numeric NOT NULL, drivers_id integer)'
2023-06-10 09:49:36,676 : [DEBUG] : b'INSERT INTO "C21-703-7".drivers(last_name,first_name,second_name,birthday,inn,passport_series,passport_num) VALUES((\'\xd0\x9c\xd1\x83\xd1\x80\xd0\xb0\xd0\xb2\xd0\xb5\xd0\xbd\xd0\xba\xd0\xbe\'),(\'\xd0\x9f\xd0\xb0\xd0\xb2\xd0\xb5\xd0\xbb\'),(\'\xd0\x9f\xd0\xb5\xd1\x82\xd1\x80\xd0\xbe\xd0\xb2\xd0\xb8\xd1\x87\'),(\'27.11.2003\'),(121232),(\'MM\'),(\'111\'))'
2023-06-10 09:49:47,651 : [DEBUG] : b'DROP TABLE IF EXISTS test CASCADE'
2023-06-10 09:49:47,652 : [DEBUG] : b'CREATE TABLE test(test integer)'
2023-06-10 09:49:47,652 : [DEBUG] : b'INSERT INTO test(test) VALUES(1)'
2023-06-10 09:49:47,654 : [DEBUG] : b'SELECT * FROM test'
2023-06-10 09:49:47,654 : [DEBUG] : b'DROP TABLE test'
2023-06-10 09:49:48,119 : [DEBUG] : b'DROP TABLE IF EXISTS "C21-703-7".cars CASCADE'
2023-06-10 09:49:48,123 : [DEBUG] : b'DROP TABLE IF EXISTS "C21-703-7".drivers CASCADE'
2023-06-10 09:49:48,132 : [DEBUG] : b'CREATE TABLE "C21-703-7".drivers(id_driver serial PRIMARY KEY, last_name varchar(32) NOT NULL, first_name varchar(32) NOT NULL, second_name varchar(32), birthday date NOT NULL, inn numeric NOT NULL, passport_series varchar(12) NOT NULL, passport_num varchar(12) NOT NULL)'
2023-06-10 09:49:48,138 : [DEBUG] : b'CREATE TABLE "C21-703-7".cars(id_car serial PRIMARY KEY, mark varchar(32) NOT NULL, class2 varchar(32) NOT NULL, color varchar(32) NOT NULL, gos_number varchar(12) NOT NULL, year numeric NOT NULL, drivers_id integer)'
2023-06-10 09:49:48,139 : [DEBUG] : b'INSERT INTO "C21-703-7".drivers(last_name,first_name,second_name,birthday,inn,passport_series,passport_num) VALUES((\'\xd0\x9c\xd1\x83\xd1\x80\xd0\xb0\xd0\xb2\xd0\xb5\xd0\xbd\xd0\xba\xd0\xbe\'),(\'\xd0\x9f\xd0\xb0\xd0\xb2\xd0\xb5\xd0\xbb\'),(\'\xd0\x9f\xd0\xb5\xd1\x82\xd1\x80\xd0\xbe\xd0\xb2\xd0\xb8\xd1\x87\'),(\'27.11.2003\'),(121232),(\'MM\'),(\'111\'))'
2023-06-10 09:49:48,140 : [DEBUG] : b'INSERT INTO "C21-703-7".drivers(last_name,first_name,second_name,birthday,inn,passport_series,passport_num) VALUES((\'\xd0\x9c\xd1\x83\xd1\x80\xd0\xb0\xd0\xb2\xd0\xb5\xd0\xbd\xd0\xba\xd0\xbe2\'),(\'\xd0\x9f\xd0\xb0\xd0\xb2\xd0\xb5\xd0\xbb2\'),(\'\xd0\x9f\xd0\xb5\xd1\x82\xd1\x80\xd0\xbe\xd0\xb2\xd0\xb8\xd1\x872\'),(\'28.11.2003\'),(11232),(\'MM\'),(\'222\'))'
2023-06-10 09:49:48,141 : [DEBUG] : b'INSERT INTO "C21-703-7".drivers(last_name,first_name,second_name,birthday,inn,passport_series,passport_num) VALUES((\'\xd0\x9c\xd1\x83\xd1\x80\xd0\xb0\xd0\xb2\xd0\xb5\xd0\xbd\xd0\xba\xd0\xbe\'),(\'\xd0\x9f\xd0\xb0\xd0\xb2\xd0\xb5\xd0\xbb\'),(\'\xd0\x9f\xd0\xb5\xd1\x82\xd1\x80\xd0\xbe\xd0\xb2\xd0\xb8\xd1\x87\'),(\'27.11.2003\'),(121232),(\'MM\'),(\'333\'))'
2023-06-10 09:49:48,141 : [DEBUG] : b'INSERT INTO "C21-703-7".cars(mark,class2,color,gos_number,year,drivers_id) VALUES((\'polo\'),(\'\xd1\x8d\xd0\xba\xd0\xbe\xd0\xbd\xd0\xbe\xd0\xbc\'),(\'1111\'),(\'1978\'),(1))'
2023-06-10 09:53:43,330 : [DEBUG] : b'DROP TABLE IF EXISTS test CASCADE'
2023-06-10 09:53:43,334 : [DEBUG] : b'CREATE TABLE test(test integer)'
2023-06-10 09:53:43,335 : [DEBUG] : b'INSERT INTO test(test) VALUES(1)'
2023-06-10 09:53:43,337 : [DEBUG] : b'SELECT * FROM test'
2023-06-10 09:53:43,337 : [DEBUG] : b'DROP TABLE test'
2023-06-10 09:53:44,325 : [DEBUG] : b'DROP TABLE IF EXISTS "C21-703-7".cars CASCADE'
2023-06-10 09:53:44,329 : [DEBUG] : b'DROP TABLE IF EXISTS "C21-703-7".drivers CASCADE'
2023-06-10 09:53:44,341 : [DEBUG] : b'CREATE TABLE "C21-703-7".drivers(id_driver serial PRIMARY KEY, last_name varchar(32) NOT NULL, first_name varchar(32) NOT NULL, second_name varchar(32), birthday date NOT NULL, inn numeric NOT NULL, passport_series varchar(12) NOT NULL, passport_num varchar(12) NOT NULL)'
2023-06-10 09:53:44,348 : [DEBUG] : b'CREATE TABLE "C21-703-7".cars(id_car serial PRIMARY KEY, mark varchar(32) NOT NULL, class2 varchar(32) NOT NULL, color varchar(32) NOT NULL, gos_number varchar(12) NOT NULL, year numeric NOT NULL, drivers_id integer REFERENCES "C21-703-7".drivers ON DELETE CASCADE)'
2023-06-10 09:53:44,349 : [DEBUG] : b'INSERT INTO "C21-703-7".drivers(last_name,first_name,second_name,birthday,inn,passport_series,passport_num) VALUES((\'\xd0\x9c\xd1\x83\xd1\x80\xd0\xb0\xd0\xb2\xd0\xb5\xd0\xbd\xd0\xba\xd0\xbe\'),(\'\xd0\x9f\xd0\xb0\xd0\xb2\xd0\xb5\xd0\xbb\'),(\'\xd0\x9f\xd0\xb5\xd1\x82\xd1\x80\xd0\xbe\xd0\xb2\xd0\xb8\xd1\x87\'),(\'27.11.2003\'),(121232),(\'MM\'),(\'111\'))'
2023-06-10 09:53:44,350 : [DEBUG] : b'INSERT INTO "C21-703-7".drivers(last_name,first_name,second_name,birthday,inn,passport_series,passport_num) VALUES((\'\xd0\x9c\xd1\x83\xd1\x80\xd0\xb0\xd0\xb2\xd0\xb5\xd0\xbd\xd0\xba\xd0\xbe2\'),(\'\xd0\x9f\xd0\xb0\xd0\xb2\xd0\xb5\xd0\xbb2\'),(\'\xd0\x9f\xd0\xb5\xd1\x82\xd1\x80\xd0\xbe\xd0\xb2\xd0\xb8\xd1\x872\'),(\'28.11.2003\'),(11232),(\'MM\'),(\'222\'))'
2023-06-10 09:53:44,350 : [DEBUG] : b'INSERT INTO "C21-703-7".drivers(last_name,first_name,second_name,birthday,inn,passport_series,passport_num) VALUES((\'\xd0\x9c\xd1\x83\xd1\x80\xd0\xb0\xd0\xb2\xd0\xb5\xd0\xbd\xd0\xba\xd0\xbe\'),(\'\xd0\x9f\xd0\xb0\xd0\xb2\xd0\xb5\xd0\xbb\'),(\'\xd0\x9f\xd0\xb5\xd1\x82\xd1\x80\xd0\xbe\xd0\xb2\xd0\xb8\xd1\x87\'),(\'27.11.2003\'),(121232),(\'MM\'),(\'333\'))'
2023-06-10 09:53:44,351 : [DEBUG] : b'INSERT INTO "C21-703-7".cars(mark,class2,color,gos_number,year,drivers_id) VALUES((\'polo\'),(\'\xd1\x8d\xd0\xba\xd0\xbe\xd0\xbd\xd0\xbe\xd0\xbc\'),(\'\xd0\xa7\xd0\xb5\xd1\x80\xd0\xbd\xd1\x8b\xd0\xb9\'),(\'1111\'),(\'1978\'),(1))'
2023-06-10 09:53:44,352 : [DEBUG] : b'INSERT INTO "C21-703-7".cars(mark,class2,color,gos_number,year,drivers_id) VALUES((\'porche\'),(\'\xd0\xb1\xd0\xb8\xd0\xb7\xd0\xbd\xd0\xb5\xd1\x81\'),(\'\xd0\xa7\xd0\xb5\xd1\x80\xd0\xbd\xd1\x8b\xd0\xb9\'),(\'2222\'),(\'1976\'),(2))'
2023-06-10 09:53:44,353 : [DEBUG] : b'INSERT INTO "C21-703-7".cars(mark,class2,color,gos_number,year,drivers_id) VALUES((\'golf\'),(\'\xd0\xba\xd0\xbe\xd0\xbc\xd1\x84\xd0\xbe\xd1\x80\xd1\x82\'),(\'\xd0\xa7\xd0\xb5\xd1\x80\xd0\xbd\xd1\x8b\xd0\xb9\'),(\'3333\'),(\'2004\'),(3))'
2023-06-10 09:55:57,940 : [DEBUG] : b'DROP TABLE IF EXISTS "C21-703-7".cars CASCADE'
2023-06-10 09:55:57,943 : [DEBUG] : b'DROP TABLE IF EXISTS "C21-703-7".drivers CASCADE'
2023-06-10 09:55:57,950 : [DEBUG] : b'CREATE TABLE "C21-703-7".drivers(id_driver serial PRIMARY KEY, last_name varchar(32) NOT NULL, first_name varchar(32) NOT NULL, second_name varchar(32), birthday date NOT NULL, inn numeric NOT NULL, passport_series varchar(12) NOT NULL, passport_num varchar(12) NOT NULL)'
2023-06-10 09:55:57,957 : [DEBUG] : b'CREATE TABLE "C21-703-7".cars(id_car serial PRIMARY KEY, mark varchar(32) NOT NULL, class2 varchar(32) NOT NULL, color varchar(32) NOT NULL, gos_number varchar(12) NOT NULL, year numeric NOT NULL, drivers_id integer REFERENCES "C21-703-7".drivers ON DELETE CASCADE)'
2023-06-10 09:55:57,958 : [DEBUG] : b'INSERT INTO "C21-703-7".drivers(last_name,first_name,second_name,birthday,inn,passport_series,passport_num) VALUES((\'\xd0\x9c\xd1\x83\xd1\x80\xd0\xb0\xd0\xb2\xd0\xb5\xd0\xbd\xd0\xba\xd0\xbe\'),(\'\xd0\x9f\xd0\xb0\xd0\xb2\xd0\xb5\xd0\xbb\'),(\'\xd0\x9f\xd0\xb5\xd1\x82\xd1\x80\xd0\xbe\xd0\xb2\xd0\xb8\xd1\x87\'),(\'27.11.2003\'),(121232),(\'MM\'),(\'111\'))'
2023-06-10 09:55:57,959 : [DEBUG] : b'INSERT INTO "C21-703-7".drivers(last_name,first_name,second_name,birthday,inn,passport_series,passport_num) VALUES((\'\xd0\x9c\xd1\x83\xd1\x80\xd0\xb0\xd0\xb2\xd0\xb5\xd0\xbd\xd0\xba\xd0\xbe2\'),(\'\xd0\x9f\xd0\xb0\xd0\xb2\xd0\xb5\xd0\xbb2\'),(\'\xd0\x9f\xd0\xb5\xd1\x82\xd1\x80\xd0\xbe\xd0\xb2\xd0\xb8\xd1\x872\'),(\'28.11.2003\'),(11232),(\'MM\'),(\'222\'))'
2023-06-10 09:55:57,959 : [DEBUG] : b'INSERT INTO "C21-703-7".drivers(last_name,first_name,second_name,birthday,inn,passport_series,passport_num) VALUES((\'\xd0\x9c\xd1\x83\xd1\x80\xd0\xb0\xd0\xb2\xd0\xb5\xd0\xbd\xd0\xba\xd0\xbe\'),(\'\xd0\x9f\xd0\xb0\xd0\xb2\xd0\xb5\xd0\xbb\'),(\'\xd0\x9f\xd0\xb5\xd1\x82\xd1\x80\xd0\xbe\xd0\xb2\xd0\xb8\xd1\x87\'),(\'27.11.2003\'),(121232),(\'MM\'),(\'333\'))'
2023-06-10 09:55:57,961 : [DEBUG] : b'INSERT INTO "C21-703-7".cars(mark,class2,color,gos_number,year,drivers_id) VALUES((\'polo\'),(\'\xd1\x8d\xd0\xba\xd0\xbe\xd0\xbd\xd0\xbe\xd0\xbc\'),(\'\xd0\xa7\xd0\xb5\xd1\x80\xd0\xbd\xd1\x8b\xd0\xb9\'),(\'1111\'),(\'1978\'),(1))'
2023-06-10 09:55:57,962 : [DEBUG] : b'INSERT INTO "C21-703-7".cars(mark,class2,color,gos_number,year,drivers_id) VALUES((\'porche\'),(\'\xd0\xb1\xd0\xb8\xd0\xb7\xd0\xbd\xd0\xb5\xd1\x81\'),(\'\xd0\xa7\xd0\xb5\xd1\x80\xd0\xbd\xd1\x8b\xd0\xb9\'),(\'2222\'),(\'1976\'),(2))'
2023-06-10 09:55:57,962 : [DEBUG] : b'INSERT INTO "C21-703-7".cars(mark,class2,color,gos_number,year,drivers_id) VALUES((\'golf\'),(\'\xd0\xba\xd0\xbe\xd0\xbc\xd1\x84\xd0\xbe\xd1\x80\xd1\x82\'),(\'\xd0\xa7\xd0\xb5\xd1\x80\xd0\xbd\xd1\x8b\xd0\xb9\'),(\'3333\'),(\'2004\'),(3))'
2023-06-10 09:56:01,033 : [DEBUG] : b'DROP TABLE IF EXISTS test CASCADE'
2023-06-10 09:56:01,035 : [DEBUG] : b'CREATE TABLE test(test integer)'
2023-06-10 09:56:01,035 : [DEBUG] : b'INSERT INTO test(test) VALUES(1)'
2023-06-10 09:56:01,037 : [DEBUG] : b'SELECT * FROM test'
2023-06-10 09:56:01,037 : [DEBUG] : b'DROP TABLE test'
2023-06-10 09:57:45,030 : [DEBUG] : b'DROP TABLE IF EXISTS "C21-703-7".cars CASCADE'
2023-06-10 09:57:45,036 : [DEBUG] : b'DROP TABLE IF EXISTS "C21-703-7".drivers CASCADE'
2023-06-10 09:57:45,050 : [DEBUG] : b'CREATE TABLE "C21-703-7".drivers(id_driver serial PRIMARY KEY, last_name varchar(32) NOT NULL, first_name varchar(32) NOT NULL, second_name varchar(32), birthday date NOT NULL, inn numeric NOT NULL, passport_series varchar(12) NOT NULL, passport_num varchar(12) NOT NULL)'
2023-06-10 09:57:45,059 : [DEBUG] : b'CREATE TABLE "C21-703-7".cars(id_car serial PRIMARY KEY, mark varchar(32) NOT NULL, class2 varchar(32) NOT NULL, color varchar(32) NOT NULL, gos_number varchar(12) NOT NULL, year numeric NOT NULL, drivers_id integer REFERENCES "C21-703-7".drivers ON DELETE CASCADE)'
2023-06-10 09:57:45,060 : [DEBUG] : b'INSERT INTO "C21-703-7".drivers(last_name,first_name,second_name,birthday,inn,passport_series,passport_num) VALUES((\'\xd0\x9c\xd1\x83\xd1\x80\xd0\xb0\xd0\xb2\xd0\xb5\xd0\xbd\xd0\xba\xd0\xbe\'),(\'\xd0\x9f\xd0\xb0\xd0\xb2\xd0\xb5\xd0\xbb\'),(\'\xd0\x9f\xd0\xb5\xd1\x82\xd1\x80\xd0\xbe\xd0\xb2\xd0\xb8\xd1\x87\'),(\'27.11.2003\'),(121232),(\'MM\'),(\'111\'))'
2023-06-10 09:57:45,060 : [DEBUG] : b'INSERT INTO "C21-703-7".drivers(last_name,first_name,second_name,birthday,inn,passport_series,passport_num) VALUES((\'\xd0\x9c\xd1\x83\xd1\x80\xd0\xb0\xd0\xb2\xd0\xb5\xd0\xbd\xd0\xba\xd0\xbe2\'),(\'\xd0\x9f\xd0\xb0\xd0\xb2\xd0\xb5\xd0\xbb2\'),(\'\xd0\x9f\xd0\xb5\xd1\x82\xd1\x80\xd0\xbe\xd0\xb2\xd0\xb8\xd1\x872\'),(\'28.11.2003\'),(11232),(\'MM\'),(\'222\'))'
2023-06-10 09:57:45,061 : [DEBUG] : b'INSERT INTO "C21-703-7".drivers(last_name,first_name,second_name,birthday,inn,passport_series,passport_num) VALUES((\'\xd0\x9c\xd1\x83\xd1\x80\xd0\xb0\xd0\xb2\xd0\xb5\xd0\xbd\xd0\xba\xd0\xbe\'),(\'\xd0\x9f\xd0\xb0\xd0\xb2\xd0\xb5\xd0\xbb\'),(\'\xd0\x9f\xd0\xb5\xd1\x82\xd1\x80\xd0\xbe\xd0\xb2\xd0\xb8\xd1\x87\'),(\'27.11.2003\'),(121232),(\'MM\'),(\'333\'))'
2023-06-10 09:57:45,061 : [DEBUG] : b'INSERT INTO "C21-703-7".cars(mark,class2,color,gos_number,year,drivers_id) VALUES((\'polo\'),(\'\xd1\x8d\xd0\xba\xd0\xbe\xd0\xbd\xd0\xbe\xd0\xbc\'),(\'\xd0\xa7\xd0\xb5\xd1\x80\xd0\xbd\xd1\x8b\xd0\xb9\'),(\'1111\'),(\'1978\'),(1))'
2023-06-10 09:57:45,062 : [DEBUG] : b'INSERT INTO "C21-703-7".cars(mark,class2,color,gos_number,year,drivers_id) VALUES((\'porche\'),(\'\xd0\xb1\xd0\xb8\xd0\xb7\xd0\xbd\xd0\xb5\xd1\x81\'),(\'\xd0\xa7\xd0\xb5\xd1\x80\xd0\xbd\xd1\x8b\xd0\xb9\'),(\'2222\'),(\'1976\'),(2))'
2023-06-10 09:57:45,062 : [DEBUG] : b'INSERT INTO "C21-703-7".cars(mark,class2,color,gos_number,year,drivers_id) VALUES((\'golf\'),(\'\xd0\xba\xd0\xbe\xd0\xbc\xd1\x84\xd0\xbe\xd1\x80\xd1\x82\'),(\'\xd0\xa7\xd0\xb5\xd1\x80\xd0\xbd\xd1\x8b\xd0\xb9\'),(\'3333\'),(\'2004\'),(3))'
