2023-05-11 14:02:32,884 : [DEBUG] : b'SELECT * FROM "C21-703-7".Room ORDER BY id'
2023-05-11 14:02:54,436 : [DEBUG] : b'SELECT * FROM "C21-703-7".Room ORDER BY id'
2023-05-11 14:02:58,556 : [DEBUG] : b'DELETE FROM "C21-703-7".Room WHERE id = (\'1\')'
2023-05-11 14:02:58,563 : [DEBUG] : b'SELECT * FROM "C21-703-7".Room ORDER BY id'
2023-05-11 14:02:58,563 : [DEBUG] : b'SELECT * FROM "C21-703-7".Room ORDER BY id'
2023-05-11 14:03:02,735 : [DEBUG] : b'DELETE FROM "C21-703-7".Room WHERE id = (\'2\')'
2023-05-11 14:03:02,735 : [DEBUG] : b'SELECT * FROM "C21-703-7".Room ORDER BY id'
2023-05-11 14:03:02,735 : [DEBUG] : b'SELECT * FROM "C21-703-7".Room ORDER BY id'
2023-05-11 14:03:05,275 : [DEBUG] : b'DELETE FROM "C21-703-7".Room WHERE id = (\'2\')'
2023-05-11 14:03:05,275 : [DEBUG] : b'SELECT * FROM "C21-703-7".Room ORDER BY id'
2023-05-11 14:03:05,275 : [DEBUG] : b'SELECT * FROM "C21-703-7".Room ORDER BY id'
2023-05-11 14:03:09,208 : [DEBUG] : b'DELETE FROM "C21-703-7".Room WHERE id = (\'3\')'
2023-05-11 14:03:09,208 : [DEBUG] : b'SELECT * FROM "C21-703-7".Room ORDER BY id'
2023-05-11 14:03:09,208 : [DEBUG] : b'SELECT * FROM "C21-703-7".Room ORDER BY id'
2023-05-11 14:03:11,025 : [DEBUG] : b'DELETE FROM "C21-703-7".Room WHERE id = (\'3\')'
2023-05-11 14:03:11,025 : [DEBUG] : b'SELECT * FROM "C21-703-7".Room ORDER BY id'
2023-05-11 14:03:11,025 : [DEBUG] : b'SELECT * FROM "C21-703-7".Room ORDER BY id'
2023-05-11 14:03:18,046 : [WARNING] : [32minvalid literal for int() with base 10: '3.4'[0m
2023-05-11 14:03:18,046 : [DEBUG] : b'SELECT * FROM "C21-703-7".Room ORDER BY id'
2023-05-11 14:03:24,843 : [DEBUG] : b'DELETE FROM "C21-703-7".Room WHERE id = (\'6\')'
2023-05-11 14:03:24,847 : [DEBUG] : b'SELECT * FROM "C21-703-7".Room ORDER BY id'
2023-05-11 14:03:24,847 : [DEBUG] : b'SELECT * FROM "C21-703-7".Room ORDER BY id'
2023-05-11 14:04:02,131 : [DEBUG] : b'SELECT * FROM "C21-703-7".Room ORDER BY id'
2023-05-11 14:04:06,307 : [DEBUG] : b'SELECT id FROM "C21-703-7".Room'
2023-05-11 14:04:06,307 : [DEBUG] : b'SELECT * FROM "C21-703-7".Room WHERE id = (\'4\')'
2023-05-11 14:04:25,854 : [DEBUG] : b'UPDATE "C21-703-7".Room SET name = (\'bla\') WHERE id = (\'4\')'
2023-05-11 14:04:28,953 : [DEBUG] : b'SELECT * FROM "C21-703-7".Room ORDER BY id'
2023-05-11 14:04:36,761 : [DEBUG] : b'DELETE FROM "C21-703-7".Room WHERE id = (\'7\')'
2023-05-11 14:04:36,761 : [DEBUG] : b'SELECT * FROM "C21-703-7".Room ORDER BY id'
2023-05-11 14:04:36,761 : [DEBUG] : b'SELECT * FROM "C21-703-7".Room ORDER BY id'
2023-05-11 14:04:43,203 : [WARNING] : [32minvalid literal for int() with base 10: ''[0m
2023-05-11 14:04:43,203 : [DEBUG] : b'SELECT * FROM "C21-703-7".Room ORDER BY id'
2023-05-11 14:04:47,163 : [DEBUG] : b'DELETE FROM "C21-703-7".Room WHERE id = (\'4\')'
2023-05-11 14:04:47,179 : [DEBUG] : b'SELECT * FROM "C21-703-7".Room ORDER BY id'
2023-05-11 14:04:47,179 : [DEBUG] : b'SELECT * FROM "C21-703-7".Room ORDER BY id'
2023-05-11 14:04:48,345 : [DEBUG] : b'DELETE FROM "C21-703-7".Room WHERE id = (\'5\')'
2023-05-11 14:04:48,351 : [DEBUG] : b'SELECT * FROM "C21-703-7".Room ORDER BY id'
2023-05-11 14:04:48,351 : [DEBUG] : b'SELECT * FROM "C21-703-7".Room ORDER BY id'
2023-05-11 14:04:54,484 : [DEBUG] : b'DELETE FROM "C21-703-7".Room WHERE id = (\'4\')'
2023-05-11 14:04:54,484 : [DEBUG] : b'SELECT * FROM "C21-703-7".Room ORDER BY id'
2023-05-11 14:04:54,484 : [DEBUG] : b'SELECT * FROM "C21-703-7".Room ORDER BY id'
2023-05-11 14:04:55,553 : [DEBUG] : b'DELETE FROM "C21-703-7".Room WHERE id = (\'4\')'
2023-05-11 14:04:55,553 : [DEBUG] : b'SELECT * FROM "C21-703-7".Room ORDER BY id'
2023-05-11 14:04:55,553 : [DEBUG] : b'SELECT * FROM "C21-703-7".Room ORDER BY id'
2023-05-11 14:04:55,976 : [DEBUG] : b'DELETE FROM "C21-703-7".Room WHERE id = (\'4\')'
2023-05-11 14:04:55,992 : [DEBUG] : b'SELECT * FROM "C21-703-7".Room ORDER BY id'
2023-05-11 14:04:55,992 : [DEBUG] : b'SELECT * FROM "C21-703-7".Room ORDER BY id'
2023-05-11 14:04:56,290 : [DEBUG] : b'DELETE FROM "C21-703-7".Room WHERE id = (\'4\')'
2023-05-11 14:04:56,290 : [DEBUG] : b'SELECT * FROM "C21-703-7".Room ORDER BY id'
2023-05-11 14:04:56,290 : [DEBUG] : b'SELECT * FROM "C21-703-7".Room ORDER BY id'
2023-05-11 14:04:56,545 : [DEBUG] : b'DELETE FROM "C21-703-7".Room WHERE id = (\'4\')'
2023-05-11 14:04:56,545 : [DEBUG] : b'SELECT * FROM "C21-703-7".Room ORDER BY id'
2023-05-11 14:04:56,545 : [DEBUG] : b'SELECT * FROM "C21-703-7".Room ORDER BY id'
2023-05-11 14:04:57,281 : [DEBUG] : b'DELETE FROM "C21-703-7".Room WHERE id = (\'4\')'
2023-05-11 14:04:57,281 : [DEBUG] : b'SELECT * FROM "C21-703-7".Room ORDER BY id'
2023-05-11 14:04:57,281 : [DEBUG] : b'SELECT * FROM "C21-703-7".Room ORDER BY id'
2023-05-11 14:04:59,317 : [DEBUG] : b'SELECT * FROM "C21-703-7".Room ORDER BY id'
2023-05-11 14:05:03,990 : [DEBUG] : b'SELECT * FROM "C21-703-7".Shelf WHERE room_id = (\'1\') ORDER BY shelf_id'
2023-05-11 14:05:07,047 : [DEBUG] : b'DROP TABLE IF EXISTS "C21-703-7".Shelf'
2023-05-11 14:05:07,062 : [DEBUG] : b'DROP TABLE IF EXISTS "C21-703-7".Room'
2023-05-11 14:05:07,062 : [DEBUG] : b'DROP TABLE IF EXISTS "C21-703-7".Shelf'
2023-05-11 14:05:07,062 : [DEBUG] : b'DROP TABLE IF EXISTS "C21-703-7".Room'
2023-05-11 14:05:07,078 : [DEBUG] : b'CREATE TABLE "C21-703-7".Room(id serial PRIMARY KEY, name character varying(50) NOT NULL, space numeric(7,2) NOT NULL, space_left numeric(7,2) NOT NULL, min_humidity numeric(8,2) NOT NULL, max_humidity numeric(8,2) NOT NULL, min_temp numeric(5,2) NOT NULL, max_temp numeric(5,2) NOT NULL, CONSTRAINT uni_room_name UNIQUE (name), CONSTRAINT positive_volume_left_room CHECK(space_left >0), CONSTRAINT positive_volume_room CHECK(space >0), CONSTRAINT volume_left_le_volume CHECK(space_left <= space), CONSTRAINT hu_max_in_interval CHECK (max_humidity <= 100 and max_humidity >= 0), CONSTRAINT hu_min_in_interval CHECK (min_humidity <= 100 and min_humidity >= 0), CONSTRAINT temp_check CHECK (min_temp <= max_temp), CONSTRAINT hu_check CHECK (min_humidity <= max_humidity))'
2023-05-11 14:05:07,094 : [DEBUG] : b'CREATE TABLE "C21-703-7".Shelf(shelf_id serial PRIMARY KEY, room_id integer REFERENCES "C21-703-7".Room ON DELETE CASCADE, max_spaces integer NOT NULL, spaces_left integer NOT NULL, slot_w numeric(7,0) NOT NULL, slot_h numeric(7,0) NOT NULL, slot_l numeric(7,0) NOT NULL, max_weight numeric(7,2) NOT NULL, weight_left numeric(7,2) NOT NULL, CONSTRAINT positive_size_slot_w_shelf CHECK(slot_w >0), CONSTRAINT positive_size_slot_h_shelf CHECK(slot_h >0), CONSTRAINT positive_size_slot_l_shelf CHECK(slot_l >0), CONSTRAINT positive_weight_shelf CHECK(max_weight >0), CONSTRAINT positive_weight_left_shelf CHECK(weight_left >0), CONSTRAINT wight_left_le_weight CHECK(weight_left <= max_weight))'
2023-05-11 14:05:07,094 : [DEBUG] : b'INSERT INTO "C21-703-7".Room(name,space,space_left,min_humidity,max_humidity,min_temp,max_temp) VALUES((\'\'\'Room1\'\'\'),(\'50\'),(\'50\'),(\'20\'),(\'60\'),(\'18\'),(\'32\'))'
2023-05-11 14:05:07,094 : [DEBUG] : b'INSERT INTO "C21-703-7".Room(name,space,space_left,min_humidity,max_humidity,min_temp,max_temp) VALUES((\'\'\'Room2\'\'\'),(\'500\'),(\'500\'),(\'40\'),(\'100\'),(\'22\'),(\'32\'))'
2023-05-11 14:05:07,094 : [DEBUG] : b'INSERT INTO "C21-703-7".Room(name,space,space_left,min_humidity,max_humidity,min_temp,max_temp) VALUES((\'\'\'Room3\'\'\'),(\'50\'),(\'50\'),(\'20\'),(\'60\'),(\'18\'),(\'32\'))'
2023-05-11 14:05:07,094 : [DEBUG] : b'INSERT INTO "C21-703-7".Room(name,space,space_left,min_humidity,max_humidity,min_temp,max_temp) VALUES((\'\'\'Garage1\'\'\'),(\'10000\'),(\'10000\'),(\'40\'),(\'100\'),(\'22\'),(\'32\'))'
2023-05-11 14:05:07,094 : [DEBUG] : b'INSERT INTO "C21-703-7".Room(name,space,space_left,min_humidity,max_humidity,min_temp,max_temp) VALUES((\'\'\'Room4\'\'\'),(\'50\'),(\'50\'),(\'20\'),(\'60\'),(\'18\'),(\'32\'))'
2023-05-11 14:05:07,094 : [DEBUG] : b'INSERT INTO "C21-703-7".Shelf(room_id,max_spaces,spaces_left,slot_w,slot_h,slot_l,max_weight,weight_left) VALUES((\'1\'),(\'10\'),(\'10\'),(\'500\'),(\'400\'),(\'300\'),(\'500\'),(\'500\'))'
2023-05-11 14:05:07,094 : [DEBUG] : b'INSERT INTO "C21-703-7".Shelf(room_id,max_spaces,spaces_left,slot_w,slot_h,slot_l,max_weight,weight_left) VALUES((\'1\'),(\'50\'),(\'50\'),(\'500\'),(\'400\'),(\'400\'),(\'600\'),(\'600\'))'
2023-05-11 14:05:07,094 : [DEBUG] : b'INSERT INTO "C21-703-7".Shelf(room_id,max_spaces,spaces_left,slot_w,slot_h,slot_l,max_weight,weight_left) VALUES((\'2\'),(\'40\'),(\'40\'),(\'500\'),(\'500\'),(\'500\'),(\'500\'),(\'500\'))'
2023-05-11 14:05:07,110 : [DEBUG] : b'INSERT INTO "C21-703-7".Shelf(room_id,max_spaces,spaces_left,slot_w,slot_h,slot_l,max_weight,weight_left) VALUES((\'3\'),(\'40\'),(\'40\'),(\'500\'),(\'500\'),(\'500\'),(\'500\'),(\'500\'))'
2023-05-11 14:05:07,110 : [DEBUG] : b'INSERT INTO "C21-703-7".Shelf(room_id,max_spaces,spaces_left,slot_w,slot_h,slot_l,max_weight,weight_left) VALUES((\'4\'),(\'5\'),(\'5\'),(\'500\'),(\'500\'),(\'500\'),(\'40\'),(\'40\'))'
2023-05-11 14:05:24,027 : [DEBUG] : b'SELECT shelf_id FROM "C21-703-7".Shelf'
2023-05-11 14:05:30,488 : [DEBUG] : b'ROLLBACK TRANSACTION;'
