2023-05-12 12:42:29,321 : [DEBUG] : b'SELECT * FROM "C21-703-7".Room ORDER BY id'
2023-05-12 12:42:31,329 : [DEBUG] : b'SELECT * FROM "C21-703-7".Room ORDER BY id'
2023-05-12 12:42:38,368 : [DEBUG] : b'SELECT * FROM "C21-703-7".Room ORDER BY id'
2023-05-12 12:42:52,657 : [DEBUG] : b'SELECT * FROM "C21-703-7".Room ORDER BY id'
2023-05-12 12:42:54,802 : [DEBUG] : b'SELECT id FROM "C21-703-7".Room'
2023-05-12 12:42:54,802 : [WARNING] : [32m[0m
2023-05-12 12:43:05,902 : [DEBUG] : b'SELECT * FROM "C21-703-7".Shelf ORDER BY shelf_id'
2023-05-12 12:43:08,381 : [DEBUG] : b'SELECT shelf_id FROM "C21-703-7".Shelf'
2023-05-12 12:43:08,394 : [DEBUG] : b'SELECT * FROM "C21-703-7".Shelf WHERE shelf_id = (\'1\')'
2023-05-12 12:43:32,241 : [DEBUG] : b'SELECT * FROM "C21-703-7".Shelf ORDER BY shelf_id'
2023-05-12 12:43:34,629 : [DEBUG] : b'SELECT shelf_id FROM "C21-703-7".Shelf'
2023-05-12 12:43:34,629 : [DEBUG] : b'SELECT * FROM "C21-703-7".Shelf WHERE shelf_id = (\'1\')'
2023-05-12 12:43:39,985 : [DEBUG] : b'SELECT weight_left FROM "C21-703-7".Shelf WHERE shelf_id = (\'1\')'
2023-05-12 12:43:40,002 : [DEBUG] : b'UPDATE "C21-703-7".Shelf SET max_weight = (\'10000\') WHERE shelf_id = (\'1\')'
2023-05-12 12:44:07,965 : [DEBUG] : b'SELECT shelf_id FROM "C21-703-7".Shelf'
2023-05-12 12:44:12,663 : [DEBUG] : b'ROLLBACK TRANSACTION;'
2023-05-12 12:46:26,684 : [DEBUG] : b'SELECT shelf_id FROM "C21-703-7".Shelf'
2023-05-12 12:46:26,684 : [WARNING] : [32m[0m
2023-05-12 12:47:00,235 : [DEBUG] : b'DROP TABLE IF EXISTS "C21-703-7".Shelf'
2023-05-12 12:47:00,245 : [DEBUG] : b'DROP TABLE IF EXISTS "C21-703-7".Room'
2023-05-12 12:47:00,250 : [DEBUG] : b'DROP TABLE IF EXISTS "C21-703-7".Shelf'
2023-05-12 12:47:00,250 : [DEBUG] : b'DROP TABLE IF EXISTS "C21-703-7".Room'
2023-05-12 12:47:00,266 : [DEBUG] : b'CREATE TABLE "C21-703-7".Room(id serial PRIMARY KEY, name character varying(50) NOT NULL, space numeric(7,2) NOT NULL, space_left numeric(7,2) NOT NULL, min_humidity numeric(8,2) NOT NULL, max_humidity numeric(8,2) NOT NULL, min_temp numeric(5,2) NOT NULL, max_temp numeric(5,2) NOT NULL, CONSTRAINT uni_room_name UNIQUE (name), CONSTRAINT positive_volume_left_room CHECK(space_left >0), CONSTRAINT positive_volume_room CHECK(space >0), CONSTRAINT volume_left_le_volume CHECK(space_left <= space), CONSTRAINT hu_max_in_interval CHECK (max_humidity <= 100 and max_humidity >= 0), CONSTRAINT hu_min_in_interval CHECK (min_humidity <= 100 and min_humidity >= 0), CONSTRAINT temp_check CHECK (min_temp <= max_temp), CONSTRAINT hu_check CHECK (min_humidity <= max_humidity))'
2023-05-12 12:47:00,282 : [DEBUG] : b'CREATE TABLE "C21-703-7".Shelf(shelf_id serial PRIMARY KEY, room_id integer REFERENCES "C21-703-7".Room ON DELETE CASCADE, max_spaces integer NOT NULL, spaces_left integer NOT NULL, slot_w numeric(7,0) NOT NULL, slot_h numeric(7,0) NOT NULL, slot_l numeric(7,0) NOT NULL, max_weight numeric(7,2) NOT NULL, weight_left numeric(7,2) NOT NULL, CONSTRAINT positive_size_slot_w_shelf CHECK(slot_w >0), CONSTRAINT positive_size_slot_h_shelf CHECK(slot_h >0), CONSTRAINT positive_size_slot_l_shelf CHECK(slot_l >0), CONSTRAINT positive_weight_shelf CHECK(max_weight >0), CONSTRAINT positive_weight_left_shelf CHECK(weight_left >0), CONSTRAINT wight_left_le_weight CHECK(weight_left <= max_weight))'
2023-05-12 12:47:00,282 : [DEBUG] : b'INSERT INTO "C21-703-7".Room(name,space,space_left,min_humidity,max_humidity,min_temp,max_temp) VALUES((\'\'\'Room1\'\'\'),(\'50\'),(\'50\'),(\'20\'),(\'60\'),(\'18\'),(\'32\'))'
2023-05-12 12:47:00,282 : [DEBUG] : b'INSERT INTO "C21-703-7".Room(name,space,space_left,min_humidity,max_humidity,min_temp,max_temp) VALUES((\'\'\'Room2\'\'\'),(\'500\'),(\'500\'),(\'40\'),(\'100\'),(\'22\'),(\'32\'))'
2023-05-12 12:47:00,282 : [DEBUG] : b'INSERT INTO "C21-703-7".Room(name,space,space_left,min_humidity,max_humidity,min_temp,max_temp) VALUES((\'\'\'Room3\'\'\'),(\'50\'),(\'50\'),(\'20\'),(\'60\'),(\'18\'),(\'32\'))'
2023-05-12 12:47:00,282 : [DEBUG] : b'INSERT INTO "C21-703-7".Room(name,space,space_left,min_humidity,max_humidity,min_temp,max_temp) VALUES((\'\'\'Garage1\'\'\'),(\'10000\'),(\'10000\'),(\'40\'),(\'100\'),(\'22\'),(\'32\'))'
2023-05-12 12:47:00,282 : [DEBUG] : b'INSERT INTO "C21-703-7".Room(name,space,space_left,min_humidity,max_humidity,min_temp,max_temp) VALUES((\'\'\'Room4\'\'\'),(\'50\'),(\'50\'),(\'20\'),(\'60\'),(\'18\'),(\'32\'))'
2023-05-12 12:47:00,282 : [DEBUG] : b'INSERT INTO "C21-703-7".Shelf(room_id,max_spaces,spaces_left,slot_w,slot_h,slot_l,max_weight,weight_left) VALUES((\'1\'),(\'10\'),(\'10\'),(\'500\'),(\'400\'),(\'300\'),(\'500\'),(\'500\'))'
2023-05-12 12:47:00,282 : [DEBUG] : b'INSERT INTO "C21-703-7".Shelf(room_id,max_spaces,spaces_left,slot_w,slot_h,slot_l,max_weight,weight_left) VALUES((\'1\'),(\'50\'),(\'50\'),(\'500\'),(\'400\'),(\'400\'),(\'600\'),(\'600\'))'
2023-05-12 12:47:00,282 : [DEBUG] : b'INSERT INTO "C21-703-7".Shelf(room_id,max_spaces,spaces_left,slot_w,slot_h,slot_l,max_weight,weight_left) VALUES((\'2\'),(\'40\'),(\'40\'),(\'500\'),(\'500\'),(\'500\'),(\'500\'),(\'500\'))'
2023-05-12 12:47:00,282 : [DEBUG] : b'INSERT INTO "C21-703-7".Shelf(room_id,max_spaces,spaces_left,slot_w,slot_h,slot_l,max_weight,weight_left) VALUES((\'3\'),(\'40\'),(\'40\'),(\'500\'),(\'500\'),(\'500\'),(\'500\'),(\'500\'))'
2023-05-12 12:47:00,282 : [DEBUG] : b'INSERT INTO "C21-703-7".Shelf(room_id,max_spaces,spaces_left,slot_w,slot_h,slot_l,max_weight,weight_left) VALUES((\'4\'),(\'5\'),(\'5\'),(\'500\'),(\'500\'),(\'500\'),(\'40\'),(\'40\'))'
2023-05-12 12:47:05,917 : [DEBUG] : b'SELECT * FROM "C21-703-7".Room ORDER BY id'
2023-05-12 12:47:15,453 : [DEBUG] : b'DELETE FROM "C21-703-7".Room WHERE id = (\'37\')'
2023-05-12 12:47:15,453 : [DEBUG] : b'SELECT * FROM "C21-703-7".Room ORDER BY id'
2023-05-12 12:47:15,469 : [DEBUG] : b'SELECT * FROM "C21-703-7".Room ORDER BY id'
2023-05-12 13:09:54,322 : [WARNING] : [32mcould not convert string to float: ''[0m
